<?xml version="1.0" encoding="utf-8"?><testsuites><testsuite name="pytest" errors="0" failures="0" skipped="0" tests="3" time="1.075" timestamp="2024-07-22T02:41:55.641831" hostname="ab7e0b84cc6e"><testcase classname="test.test_prediction" name="test_single_pred_not_none" time="0.018" /><testcase classname="test.test_prediction" name="test_single_str_type" time="0.014" /><testcase classname="test.test_prediction" name="test_single_pred_validate" time="0.014" /></testsuite></testsuites>